# JRE version: Java(TM) SE Runtime Environment 18.9 (11.0.17+10) (build 11.0.17+10-LTS-269)
# Java VM: Java HotSpot(TM) 64-Bit Server VM 18.9 (11.0.17+10-LTS-269, mixed mode, tiered, compressed oops, g1 gc, windows-amd64)
Heap:
 garbage-first heap   total 527360K, used 259999K [0x0000000080000000, 0x0000000100000000)
  region size 1024K, 70 young (71680K), 1 survivors (1024K)
 Metaspace       used 124474K, capacity 128709K, committed 128896K, reserved 628736K
  class space    used 16038K, capacity 17779K, committed 17792K, reserved 516096K
GC Heap History (10 events):
Event: 167.554 GC heap before
{Heap before GC invocations=136 (full 0):
 garbage-first heap   total 461824K, used 389550K [0x0000000080000000, 0x0000000100000000)
  region size 1024K, 244 young (249856K), 26 survivors (26624K)
 Metaspace       used 123885K, capacity 128078K, committed 128384K, reserved 626688K
  class space    used 15994K, capacity 17698K, committed 17792K, reserved 516096K
}
Event: 168.676 GC heap after
{Heap after GC invocations=137 (full 0):
 garbage-first heap   total 461824K, used 184147K [0x0000000080000000, 0x0000000100000000)
  region size 1024K, 31 young (31744K), 31 survivors (31744K)
 Metaspace       used 123885K, capacity 128078K, committed 128384K, reserved 626688K
  class space    used 15994K, capacity 17698K, committed 17792K, reserved 516096K
}
Event: 168.705 GC heap before
{Heap before GC invocations=137 (full 0):
 garbage-first heap   total 461824K, used 184147K [0x0000000080000000, 0x0000000100000000)
  region size 1024K, 32 young (32768K), 31 survivors (31744K)
 Metaspace       used 123885K, capacity 128078K, committed 128384K, reserved 626688K
  class space    used 15994K, capacity 17698K, committed 17792K, reserved 516096K
}
Event: 169.247 GC heap after
{Heap after GC invocations=138 (full 0):
 garbage-first heap   total 527360K, used 187051K [0x0000000080000000, 0x0000000100000000)
  region size 1024K, 2 young (2048K), 2 survivors (2048K)
 Metaspace       used 123885K, capacity 128078K, committed 128384K, reserved 626688K
  class space    used 15994K, capacity 17698K, committed 17792K, reserved 516096K
}
Event: 169.511 GC heap before
{Heap before GC invocations=138 (full 0):
 garbage-first heap   total 527360K, used 214699K [0x0000000080000000, 0x0000000100000000)
  region size 1024K, 25 young (25600K), 2 survivors (2048K)
 Metaspace       used 124120K, capacity 128372K, committed 128640K, reserved 628736K
  class space    used 16011K, capacity 17732K, committed 17792K, reserved 516096K
}
Event: 169.517 GC heap after
{Heap after GC invocations=139 (full 0):
 garbage-first heap   total 527360K, used 189799K [0x0000000080000000, 0x0000000100000000)
  region size 1024K, 4 young (4096K), 4 survivors (4096K)
 Metaspace       used 124120K, capacity 128372K, committed 128640K, reserved 628736K
  class space    used 16011K, capacity 17732K, committed 17792K, reserved 516096K
}
Event: 169.924 GC heap before
{Heap before GC invocations=139 (full 0):
 garbage-first heap   total 527360K, used 210279K [0x0000000080000000, 0x0000000100000000)
  region size 1024K, 25 young (25600K), 4 survivors (4096K)
 Metaspace       used 124345K, capacity 128573K, committed 128640K, reserved 628736K
  class space    used 16035K, capacity 17778K, committed 17792K, reserved 516096K
}
Event: 169.932 GC heap after
{Heap after GC invocations=140 (full 0):
 garbage-first heap   total 527360K, used 191362K [0x0000000080000000, 0x0000000100000000)
  region size 1024K, 2 young (2048K), 2 survivors (2048K)
 Metaspace       used 124345K, capacity 128573K, committed 128640K, reserved 628736K
  class space    used 16035K, capacity 17778K, committed 17792K, reserved 516096K
}
Event: 170.379 GC heap before
{Heap before GC invocations=140 (full 0):
 garbage-first heap   total 527360K, used 230274K [0x0000000080000000, 0x0000000100000000)
  region size 1024K, 40 young (40960K), 2 survivors (2048K)
 Metaspace       used 124370K, capacity 128580K, committed 128640K, reserved 628736K
  class space    used 16037K, capacity 17779K, committed 17792K, reserved 516096K
}
Event: 170.398 GC heap after
{Heap after GC invocations=141 (full 0):
 garbage-first heap   total 527360K, used 190303K [0x0000000080000000, 0x0000000100000000)
  region size 1024K, 1 young (1024K), 1 survivors (1024K)
 Metaspace       used 124370K, capacity 128580K, committed 128640K, reserved 628736K
  class space    used 16037K, capacity 17779K, committed 17792K, reserved 516096K
}

